# JRE version: Java(TM) SE Runtime Environment (8.0_111-b14) (build 1.8.0_111-b14)
# Java VM: Java HotSpot(TM) 64-Bit Server VM (25.111-b14 mixed mode bsd-amd64 compressed oops)
Heap:
 PSYoungGen      total 30208K, used 19861K [0x00000007b5580000, 0x00000007b7400000, 0x00000007c0000000)
  eden space 29696K, 65% used [0x00000007b5580000,0x00000007b688d588,0x00000007b7280000)
  from space 512K, 68% used [0x00000007b7380000,0x00000007b73d8000,0x00000007b7400000)
  to   space 512K, 0% used [0x00000007b7300000,0x00000007b7300000,0x00000007b7380000)
 ParOldGen       total 175104K, used 31115K [0x00000007a0000000, 0x00000007aab00000, 0x00000007b5580000)
  object space 175104K, 17% used [0x00000007a0000000,0x00000007a1e62f00,0x00000007aab00000)
 Metaspace       used 3368K, capacity 4800K, committed 5120K, reserved 1056768K
  class space    used 356K, capacity 428K, committed 512K, reserved 1048576K
GC Heap History (10 events):
Event: 159.955 GC heap before
{Heap before GC invocations=558 (full 0):
 PSYoungGen      total 30720K, used 29792K [0x00000007b5580000, 0x00000007b7480000, 0x00000007c0000000)
  eden space 29696K, 100% used [0x00000007b5580000,0x00000007b7280000,0x00000007b7280000)
  from space 1024K, 9% used [0x00000007b7280000,0x00000007b7298000,0x00000007b7380000)
  to   space 1024K, 0% used [0x00000007b7380000,0x00000007b7380000,0x00000007b7480000)
 ParOldGen       total 175104K, used 30875K [0x00000007a0000000, 0x00000007aab00000, 0x00000007b5580000)
  object space 175104K, 17% used [0x00000007a0000000,0x00000007a1e26f00,0x00000007aab00000)
 Metaspace       used 3368K, capacity 4800K, committed 5120K, reserved 1056768K
  class space    used 356K, capacity 428K, committed 512K, reserved 1048576K
Event: 159.955 GC heap after
Heap after GC invocations=558 (full 0):
 PSYoungGen      total 30720K, used 262K [0x00000007b5580000, 0x00000007b7480000, 0x00000007c0000000)
  eden space 29696K, 0% used [0x00000007b5580000,0x00000007b5580000,0x00000007b7280000)
  from space 1024K, 25% used [0x00000007b7380000,0x00000007b73c1930,0x00000007b7480000)
  to   space 1024K, 0% used [0x00000007b7280000,0x00000007b7280000,0x00000007b7380000)
 ParOldGen       total 175104K, used 30923K [0x00000007a0000000, 0x00000007aab00000, 0x00000007b5580000)
  object space 175104K, 17% used [0x00000007a0000000,0x00000007a1e32f00,0x00000007aab00000)
 Metaspace       used 3368K, capacity 4800K, committed 5120K, reserved 1056768K
  class space    used 356K, capacity 428K, committed 512K, reserved 1048576K
}
Event: 160.246 GC heap before
{Heap before GC invocations=559 (full 0):
 PSYoungGen      total 30720K, used 29958K [0x00000007b5580000, 0x00000007b7480000, 0x00000007c0000000)
  eden space 29696K, 100% used [0x00000007b5580000,0x00000007b7280000,0x00000007b7280000)
  from space 1024K, 25% used [0x00000007b7380000,0x00000007b73c1930,0x00000007b7480000)
  to   space 1024K, 0% used [0x00000007b7280000,0x00000007b7280000,0x00000007b7380000)
 ParOldGen       total 175104K, used 30923K [0x00000007a0000000, 0x00000007aab00000, 0x00000007b5580000)
  object space 175104K, 17% used [0x00000007a0000000,0x00000007a1e32f00,0x00000007aab00000)
 Metaspace       used 3368K, capacity 4800K, committed 5120K, reserved 1056768K
  class space    used 356K, capacity 428K, committed 512K, reserved 1048576K
Event: 160.247 GC heap after
Heap after GC invocations=559 (full 0):
 PSYoungGen      total 30720K, used 192K [0x00000007b5580000, 0x00000007b7480000, 0x00000007c0000000)
  eden space 29696K, 0% used [0x00000007b5580000,0x00000007b5580000,0x00000007b7280000)
  from space 1024K, 18% used [0x00000007b7280000,0x00000007b72b0000,0x00000007b7380000)
  to   space 1024K, 0% used [0x00000007b7380000,0x00000007b7380000,0x00000007b7480000)
 ParOldGen       total 175104K, used 30923K [0x00000007a0000000, 0x00000007aab00000, 0x00000007b5580000)
  object space 175104K, 17% used [0x00000007a0000000,0x00000007a1e32f00,0x00000007aab00000)
 Metaspace       used 3368K, capacity 4800K, committed 5120K, reserved 1056768K
  class space    used 356K, capacity 428K, committed 512K, reserved 1048576K
}
Event: 160.535 GC heap before
{Heap before GC invocations=560 (full 0):
 PSYoungGen      total 30720K, used 29888K [0x00000007b5580000, 0x00000007b7480000, 0x00000007c0000000)
  eden space 29696K, 100% used [0x00000007b5580000,0x00000007b7280000,0x00000007b7280000)
  from space 1024K, 18% used [0x00000007b7280000,0x00000007b72b0000,0x00000007b7380000)
  to   space 1024K, 0% used [0x00000007b7380000,0x00000007b7380000,0x00000007b7480000)
 ParOldGen       total 175104K, used 30923K [0x00000007a0000000, 0x00000007aab00000, 0x00000007b5580000)
  object space 175104K, 17% used [0x00000007a0000000,0x00000007a1e32f00,0x00000007aab00000)
 Metaspace       used 3368K, capacity 4800K, committed 5120K, reserved 1056768K
  class space    used 356K, capacity 428K, committed 512K, reserved 1048576K
Event: 160.535 GC heap after
Heap after GC invocations=560 (full 0):
 PSYoungGen      total 30208K, used 288K [0x00000007b5580000, 0x00000007b7400000, 0x00000007c0000000)
  eden space 29696K, 0% used [0x00000007b5580000,0x00000007b5580000,0x00000007b7280000)
  from space 512K, 56% used [0x00000007b7380000,0x00000007b73c8000,0x00000007b7400000)
  to   space 512K, 0% used [0x00000007b7300000,0x00000007b7300000,0x00000007b7380000)
 ParOldGen       total 175104K, used 30987K [0x00000007a0000000, 0x00000007aab00000, 0x00000007b5580000)
  object space 175104K, 17% used [0x00000007a0000000,0x00000007a1e42f00,0x00000007aab00000)
 Metaspace       used 3368K, capacity 4800K, committed 5120K, reserved 1056768K
  class space    used 356K, capacity 428K, committed 512K, reserved 1048576K
}
Event: 160.785 GC heap before
{Heap before GC invocations=561 (full 0):
 PSYoungGen      total 30208K, used 29984K [0x00000007b5580000, 0x00000007b7400000, 0x00000007c0000000)
  eden space 29696K, 100% used [0x00000007b5580000,0x00000007b7280000,0x00000007b7280000)
  from space 512K, 56% used [0x00000007b7380000,0x00000007b73c8000,0x00000007b7400000)
  to   space 512K, 0% used [0x00000007b7300000,0x00000007b7300000,0x00000007b7380000)
 ParOldGen       total 175104K, used 30987K [0x00000007a0000000, 0x00000007aab00000, 0x00000007b5580000)
  object space 175104K, 17% used [0x00000007a0000000,0x00000007a1e42f00,0x00000007aab00000)
 Metaspace       used 3368K, capacity 4800K, committed 5120K, reserved 1056768K
  class space    used 356K, capacity 428K, committed 512K, reserved 1048576K
Event: 160.785 GC heap after
Heap after GC invocations=561 (full 0):
 PSYoungGen      total 30208K, used 256K [0x00000007b5580000, 0x00000007b7400000, 0x00000007c0000000)
  eden space 29696K, 0% used [0x00000007b5580000,0x00000007b5580000,0x00000007b7280000)
  from space 512K, 50% used [0x00000007b7300000,0x00000007b7340000,0x00000007b7380000)
  to   space 512K, 0% used [0x00000007b7380000,0x00000007b7380000,0x00000007b7400000)
 ParOldGen       total 175104K, used 31043K [0x00000007a0000000, 0x00000007aab00000, 0x00000007b5580000)
  object space 175104K, 17% used [0x00000007a0000000,0x00000007a1e50f00,0x00000007aab00000)
 Metaspace       used 3368K, capacity 4800K, committed 5120K, reserved 1056768K
  class space    used 356K, capacity 428K, committed 512K, reserved 1048576K
}
Event: 161.031 GC heap before
{Heap before GC invocations=562 (full 0):
 PSYoungGen      total 30208K, used 29952K [0x00000007b5580000, 0x00000007b7400000, 0x00000007c0000000)
  eden space 29696K, 100% used [0x00000007b5580000,0x00000007b7280000,0x00000007b7280000)
  from space 512K, 50% used [0x00000007b7300000,0x00000007b7340000,0x00000007b7380000)
  to   space 512K, 0% used [0x00000007b7380000,0x00000007b7380000,0x00000007b7400000)
 ParOldGen       total 175104K, used 31043K [0x00000007a0000000, 0x00000007aab00000, 0x00000007b5580000)
  object space 175104K, 17% used [0x00000007a0000000,0x00000007a1e50f00,0x00000007aab00000)
 Metaspace       used 3368K, capacity 4800K, committed 5120K, reserved 1056768K
  class space    used 356K, capacity 428K, committed 512K, reserved 1048576K
Event: 161.032 GC heap after
Heap after GC invocations=562 (full 0):
 PSYoungGen      total 30208K, used 352K [0x00000007b5580000, 0x00000007b7400000, 0x00000007c0000000)
  eden space 29696K, 0% used [0x00000007b5580000,0x00000007b5580000,0x00000007b7280000)
  from space 512K, 68% used [0x00000007b7380000,0x00000007b73d8000,0x00000007b7400000)
  to   space 512K, 0% used [0x00000007b7300000,0x00000007b7300000,0x00000007b7380000)
 ParOldGen       total 175104K, used 31115K [0x00000007a0000000, 0x00000007aab00000, 0x00000007b5580000)
  object space 175104K, 17% used [0x00000007a0000000,0x00000007a1e62f00,0x00000007aab00000)
 Metaspace       used 3368K, capacity 4800K, committed 5120K, reserved 1056768K
  class space    used 356K, capacity 428K, committed 512K, reserved 1048576K
}

